<?xml version="1.0" encoding="UTF-8"?>
<testng-results ignored="0" total="1" passed="1" failed="0" skipped="0">
  <reporter-output>
  </reporter-output>
  <suite started-at="2022-11-04T11:43:05 BDT" name="Default suite" finished-at="2022-11-04T11:43:47 BDT" duration-ms="41748">
    <groups>
    </groups>
    <test started-at="2022-11-04T11:43:05 BDT" name="Default test" finished-at="2022-11-04T11:43:47 BDT" duration-ms="41748">
      <class name="Othoba_Automation_LOGIN.Othoba_Automation_LoginTest">
        <test-method signature="WebAutomation()[pri:0, instance:Othoba_Automation_LOGIN.Othoba_Automation_LoginTest@5c5eefef]" started-at="2022-11-04T11:43:05 BDT" name="WebAutomation" finished-at="2022-11-04T11:43:47 BDT" duration-ms="41707" status="PASS">
          <reporter-output>
          </reporter-output>
        </test-method> <!-- WebAutomation -->
      </class> <!-- Othoba_Automation_LOGIN.Othoba_Automation_LoginTest -->
    </test> <!-- Default test -->
  </suite> <!-- Default suite -->
</testng-results>
